c:\alin\proiecte\c++\oop\lab3\debug\vc142.pdb
c:\alin\proiecte\c++\oop\lab3\debug\vc142.idb
c:\alin\proiecte\c++\oop\lab3\debug\vector.obj
c:\alin\proiecte\c++\oop\lab3\debug\test_vector.obj
c:\alin\proiecte\c++\oop\lab3\debug\test_material_validator.obj
c:\alin\proiecte\c++\oop\lab3\debug\test_material_service.obj
c:\alin\proiecte\c++\oop\lab3\debug\test_material_repository.obj
c:\alin\proiecte\c++\oop\lab3\debug\test_material_operation.obj
c:\alin\proiecte\c++\oop\lab3\debug\test_material.obj
c:\alin\proiecte\c++\oop\lab3\debug\test_all.obj
c:\alin\proiecte\c++\oop\lab3\debug\console.obj
c:\alin\proiecte\c++\oop\lab3\debug\materialvalidator.obj
c:\alin\proiecte\c++\oop\lab3\debug\materialservice.obj
c:\alin\proiecte\c++\oop\lab3\debug\materialrepository.obj
c:\alin\proiecte\c++\oop\lab3\debug\materialoperation.obj
c:\alin\proiecte\c++\oop\lab3\debug\material.obj
c:\alin\proiecte\c++\oop\lab3\debug\main.obj
c:\alin\proiecte\c++\oop\lab3\debug\lab3.ilk
c:\alin\proiecte\c++\oop\lab3\debug\lab3.exe
c:\alin\proiecte\c++\oop\lab3\debug\lab3.pdb
c:\alin\proiecte\c++\oop\lab3\debug\lab3.tlog\cl.command.1.tlog
c:\alin\proiecte\c++\oop\lab3\debug\lab3.tlog\cl.read.1.tlog
c:\alin\proiecte\c++\oop\lab3\debug\lab3.tlog\cl.write.1.tlog
c:\alin\proiecte\c++\oop\lab3\debug\lab3.tlog\link.command.1.tlog
c:\alin\proiecte\c++\oop\lab3\debug\lab3.tlog\link.read.1.tlog
c:\alin\proiecte\c++\oop\lab3\debug\lab3.tlog\link.write.1.tlog
